<?xml version="1.0" encoding="UTF-8"?>
<testsuite name="info.wallyson.banking.core.domain.AmountTest" tests="4" skipped="0" failures="0" errors="0" timestamp="2022-06-26T22:13:58" hostname="fintechbr89786" time="0.022">
  <properties/>
  <testcase name="[1] value=1" classname="info.wallyson.banking.core.domain.AmountTest" time="0.018"/>
  <testcase name="[2] value=-1" classname="info.wallyson.banking.core.domain.AmountTest" time="0.001"/>
  <testcase name="[3] value=2000" classname="info.wallyson.banking.core.domain.AmountTest" time="0.0"/>
  <testcase name="[4] value=-9876" classname="info.wallyson.banking.core.domain.AmountTest" time="0.0"/>
  <system-out><![CDATA[]]></system-out>
  <system-err><![CDATA[]]></system-err>
</testsuite>
